19:55:43: Creating resource group General
19:55:43: Creating resource group OgreInternal
19:55:43: Creating resource group OgreAutodetect
19:55:43: Registering ResourceManager for type Mesh
19:55:43: Registering ResourceManager for type Material
19:55:43: Registering ResourceManager for type Skeleton
19:55:43: XMLMeshSerializer reading mesh data from H:\Documents\School\GEDE\Final_Project\GEDE_Final_Project\BlenderExports\x axis cube\X_cube.mesh.xml...
19:55:43: Reading geometry...
19:55:43: Geometry done...
19:55:43: Reading submeshes...
19:55:43: Submeshes done.
19:55:43: Reading mesh names...
19:55:43: Mesh names done.
19:55:43: XMLMeshSerializer import successful.
19:55:43: MeshSerializer writing mesh data to stream H:\Documents\School\GEDE\Final_Project\GEDE_Final_Project\BlenderExports\x axis cube\X_cube.mesh...
19:55:43: File header written.
19:55:43: Writing mesh data...
19:55:43: Writing submesh...
19:55:43: Exporting submesh texture aliases...
19:55:43: Submesh texture aliases exported.
19:55:43: Submesh exported.
19:55:43: Exporting bounds information....
19:55:43: Bounds information exported.
19:55:43: Exporting submesh name table...
19:55:43: Submesh name table exported.
19:55:43: Mesh data exported.
19:55:43: MeshSerializer export successful.
19:55:43: Unregistering ResourceManager for type Skeleton
19:55:43: Unregistering ResourceManager for type Material
19:55:43: Unregistering ResourceManager for type Mesh
