14:12:54: Creating resource group General
14:12:54: Creating resource group OgreInternal
14:12:54: Creating resource group OgreAutodetect
14:12:54: Registering ResourceManager for type Mesh
14:12:54: Registering ResourceManager for type Material
14:12:54: Registering ResourceManager for type Skeleton
14:12:54: XMLMeshSerializer reading mesh data from H:\Documents\School\GEDE\Final_Project\GEDE_Final_Project\BlenderExports\y axis sphere\Y_sphere.mesh.xml...
14:12:54: Reading geometry...
14:12:54: Geometry done...
14:12:54: Reading submeshes...
14:12:54: Submeshes done.
14:12:54: Reading mesh names...
14:12:54: Mesh names done.
14:12:54: XMLMeshSerializer import successful.
14:12:54: MeshSerializer writing mesh data to stream H:\Documents\School\GEDE\Final_Project\GEDE_Final_Project\BlenderExports\y axis sphere\Y_sphere.mesh...
14:12:54: File header written.
14:12:54: Writing mesh data...
14:12:54: Writing submesh...
14:12:54: Exporting submesh texture aliases...
14:12:54: Submesh texture aliases exported.
14:12:54: Submesh exported.
14:12:54: Exporting bounds information....
14:12:54: Bounds information exported.
14:12:54: Exporting submesh name table...
14:12:54: Submesh name table exported.
14:12:54: Mesh data exported.
14:12:54: MeshSerializer export successful.
14:12:54: Unregistering ResourceManager for type Skeleton
14:12:54: Unregistering ResourceManager for type Material
14:12:54: Unregistering ResourceManager for type Mesh
