14:15:47: Creating resource group General
14:15:47: Creating resource group OgreInternal
14:15:47: Creating resource group OgreAutodetect
14:15:47: Registering ResourceManager for type Mesh
14:15:47: Registering ResourceManager for type Material
14:15:47: Registering ResourceManager for type Skeleton
14:15:47: XMLMeshSerializer reading mesh data from H:\Documents\School\GEDE\Final_Project\GEDE_Final_Project\BlenderExports\z axis arrow\Z_arrow.mesh.xml...
14:15:47: Reading geometry...
14:15:47: Geometry done...
14:15:47: Reading submeshes...
14:15:47: Submeshes done.
14:15:47: Reading mesh names...
14:15:47: Mesh names done.
14:15:47: XMLMeshSerializer import successful.
14:15:47: MeshSerializer writing mesh data to stream H:\Documents\School\GEDE\Final_Project\GEDE_Final_Project\BlenderExports\z axis arrow\Z_arrow.mesh...
14:15:47: File header written.
14:15:47: Writing mesh data...
14:15:47: Writing submesh...
14:15:47: Exporting submesh texture aliases...
14:15:47: Submesh texture aliases exported.
14:15:47: Submesh exported.
14:15:47: Exporting bounds information....
14:15:47: Bounds information exported.
14:15:47: Exporting submesh name table...
14:15:47: Submesh name table exported.
14:15:47: Mesh data exported.
14:15:47: MeshSerializer export successful.
14:15:47: Unregistering ResourceManager for type Skeleton
14:15:47: Unregistering ResourceManager for type Material
14:15:47: Unregistering ResourceManager for type Mesh
