14:10:30: Creating resource group General
14:10:30: Creating resource group OgreInternal
14:10:30: Creating resource group OgreAutodetect
14:10:30: Registering ResourceManager for type Mesh
14:10:30: Registering ResourceManager for type Material
14:10:30: Registering ResourceManager for type Skeleton
14:10:30: XMLMeshSerializer reading mesh data from H:\Documents\School\GEDE\Final_Project\GEDE_Final_Project\BlenderExports\z axis sphere\Z_sphere.mesh.xml...
14:10:30: Reading geometry...
14:10:30: Geometry done...
14:10:30: Reading submeshes...
14:10:30: Submeshes done.
14:10:30: Reading mesh names...
14:10:30: Mesh names done.
14:10:30: XMLMeshSerializer import successful.
14:10:30: MeshSerializer writing mesh data to stream H:\Documents\School\GEDE\Final_Project\GEDE_Final_Project\BlenderExports\z axis sphere\Z_sphere.mesh...
14:10:30: File header written.
14:10:30: Writing mesh data...
14:10:30: Writing submesh...
14:10:30: Exporting submesh texture aliases...
14:10:30: Submesh texture aliases exported.
14:10:30: Submesh exported.
14:10:30: Exporting bounds information....
14:10:30: Bounds information exported.
14:10:30: Exporting submesh name table...
14:10:30: Submesh name table exported.
14:10:30: Mesh data exported.
14:10:30: MeshSerializer export successful.
14:10:30: Unregistering ResourceManager for type Skeleton
14:10:30: Unregistering ResourceManager for type Material
14:10:30: Unregistering ResourceManager for type Mesh
