14:06:08: Creating resource group General
14:06:08: Creating resource group OgreInternal
14:06:08: Creating resource group OgreAutodetect
14:06:08: Registering ResourceManager for type Mesh
14:06:08: Registering ResourceManager for type Material
14:06:08: Registering ResourceManager for type Skeleton
14:06:08: XMLMeshSerializer reading mesh data from H:\Documents\School\GEDE\Final_Project\GEDE_Final_Project\BlenderExports\x axis sphere\X_sphere.mesh.xml...
14:06:08: Reading geometry...
14:06:08: Geometry done...
14:06:08: Reading submeshes...
14:06:08: Submeshes done.
14:06:08: Reading mesh names...
14:06:08: Mesh names done.
14:06:08: XMLMeshSerializer import successful.
14:06:08: MeshSerializer writing mesh data to stream H:\Documents\School\GEDE\Final_Project\GEDE_Final_Project\BlenderExports\x axis sphere\X_sphere.mesh...
14:06:08: File header written.
14:06:08: Writing mesh data...
14:06:08: Writing submesh...
14:06:08: Exporting submesh texture aliases...
14:06:08: Submesh texture aliases exported.
14:06:08: Submesh exported.
14:06:08: Exporting bounds information....
14:06:08: Bounds information exported.
14:06:08: Exporting submesh name table...
14:06:08: Submesh name table exported.
14:06:08: Mesh data exported.
14:06:08: MeshSerializer export successful.
14:06:08: Unregistering ResourceManager for type Skeleton
14:06:08: Unregistering ResourceManager for type Material
14:06:08: Unregistering ResourceManager for type Mesh
