19:56:45: Creating resource group General
19:56:45: Creating resource group OgreInternal
19:56:45: Creating resource group OgreAutodetect
19:56:45: Registering ResourceManager for type Mesh
19:56:45: Registering ResourceManager for type Material
19:56:45: Registering ResourceManager for type Skeleton
19:56:45: XMLMeshSerializer reading mesh data from H:\Documents\School\GEDE\Final_Project\GEDE_Final_Project\BlenderExports\z axis cube\Z_cube.mesh.xml...
19:56:45: Reading geometry...
19:56:45: Geometry done...
19:56:45: Reading submeshes...
19:56:45: Submeshes done.
19:56:45: Reading mesh names...
19:56:45: Mesh names done.
19:56:45: XMLMeshSerializer import successful.
19:56:45: MeshSerializer writing mesh data to stream H:\Documents\School\GEDE\Final_Project\GEDE_Final_Project\BlenderExports\z axis cube\Z_cube.mesh...
19:56:45: File header written.
19:56:45: Writing mesh data...
19:56:45: Writing submesh...
19:56:45: Exporting submesh texture aliases...
19:56:45: Submesh texture aliases exported.
19:56:45: Submesh exported.
19:56:45: Exporting bounds information....
19:56:45: Bounds information exported.
19:56:45: Exporting submesh name table...
19:56:45: Submesh name table exported.
19:56:45: Mesh data exported.
19:56:45: MeshSerializer export successful.
19:56:45: Unregistering ResourceManager for type Skeleton
19:56:45: Unregistering ResourceManager for type Material
19:56:45: Unregistering ResourceManager for type Mesh
