19:54:28: Creating resource group General
19:54:28: Creating resource group OgreInternal
19:54:28: Creating resource group OgreAutodetect
19:54:28: Registering ResourceManager for type Mesh
19:54:28: Registering ResourceManager for type Material
19:54:28: Registering ResourceManager for type Skeleton
19:54:28: XMLMeshSerializer reading mesh data from H:\Documents\School\GEDE\Final_Project\GEDE_Final_Project\BlenderExports\y axis cube\Y_cube.mesh.xml...
19:54:28: Reading geometry...
19:54:28: Geometry done...
19:54:28: Reading submeshes...
19:54:28: Submeshes done.
19:54:28: Reading mesh names...
19:54:28: Mesh names done.
19:54:28: XMLMeshSerializer import successful.
19:54:28: MeshSerializer writing mesh data to stream H:\Documents\School\GEDE\Final_Project\GEDE_Final_Project\BlenderExports\y axis cube\Y_cube.mesh...
19:54:28: File header written.
19:54:28: Writing mesh data...
19:54:28: Writing submesh...
19:54:28: Exporting submesh texture aliases...
19:54:28: Submesh texture aliases exported.
19:54:28: Submesh exported.
19:54:28: Exporting bounds information....
19:54:28: Bounds information exported.
19:54:28: Exporting submesh name table...
19:54:28: Submesh name table exported.
19:54:28: Mesh data exported.
19:54:28: MeshSerializer export successful.
19:54:28: Unregistering ResourceManager for type Skeleton
19:54:28: Unregistering ResourceManager for type Material
19:54:28: Unregistering ResourceManager for type Mesh
