14:08:02: Creating resource group General
14:08:02: Creating resource group OgreInternal
14:08:02: Creating resource group OgreAutodetect
14:08:02: Registering ResourceManager for type Mesh
14:08:02: Registering ResourceManager for type Material
14:08:02: Registering ResourceManager for type Skeleton
14:08:02: XMLMeshSerializer reading mesh data from H:\Documents\School\GEDE\Final_Project\GEDE_Final_Project\BlenderExports\x axis arrow\X_arrow.mesh.xml...
14:08:02: Reading geometry...
14:08:02: Geometry done...
14:08:02: Reading submeshes...
14:08:02: Submeshes done.
14:08:02: Reading mesh names...
14:08:02: Mesh names done.
14:08:02: XMLMeshSerializer import successful.
14:08:02: MeshSerializer writing mesh data to stream H:\Documents\School\GEDE\Final_Project\GEDE_Final_Project\BlenderExports\x axis arrow\X_arrow.mesh...
14:08:02: File header written.
14:08:02: Writing mesh data...
14:08:02: Writing submesh...
14:08:02: Exporting submesh texture aliases...
14:08:02: Submesh texture aliases exported.
14:08:02: Submesh exported.
14:08:02: Exporting bounds information....
14:08:02: Bounds information exported.
14:08:02: Exporting submesh name table...
14:08:02: Submesh name table exported.
14:08:02: Mesh data exported.
14:08:02: MeshSerializer export successful.
14:08:02: Unregistering ResourceManager for type Skeleton
14:08:02: Unregistering ResourceManager for type Material
14:08:02: Unregistering ResourceManager for type Mesh
